{"/Users/el/Desktop/work/h/lib/prisma.ts": {"path":"/Users/el/Desktop/work/h/lib/prisma.ts","statementMap":{"0":{"start":{"line":1,"column":0},"end":{"line":1,"column":45}},"1":{"start":{"line":7,"column":13},"end":{"line":7,"column":null}},"2":{"start":{"line":9,"column":0},"end":{"line":9,"column":null}},"3":{"start":{"line":9,"column":43},"end":{"line":9,"column":null}}},"fnMap":{},"branchMap":{"0":{"loc":{"start":{"line":7,"column":22},"end":{"line":7,"column":57}},"type":"binary-expr","locations":[{"start":{"line":7,"column":22},"end":{"line":7,"column":35}},{"start":{"line":7,"column":39},"end":{"line":7,"column":57}}]},"1":{"loc":{"start":{"line":9,"column":0},"end":{"line":9,"column":null}},"type":"if","locations":[{"start":{"line":9,"column":0},"end":{"line":9,"column":null}}]}},"s":{"0":1,"1":1,"2":1,"3":1},"f":{},"b":{"0":[1,1],"1":[1]}}
,"/Users/el/Desktop/work/h/lib/queue.ts": {"path":"/Users/el/Desktop/work/h/lib/queue.ts","statementMap":{"0":{"start":{"line":1,"column":0},"end":{"line":1,"column":31}},"1":{"start":{"line":2,"column":0},"end":{"line":2,"column":30}},"2":{"start":{"line":4,"column":37},"end":{"line":7,"column":2}},"3":{"start":{"line":4,"column":43},"end":{"line":7,"column":2}},"4":{"start":{"line":4,"column":13},"end":{"line":4,"column":37}},"5":{"start":{"line":9,"column":13},"end":{"line":11,"column":3}}},"fnMap":{"0":{"name":"(anonymous_1)","decl":{"start":{"line":4,"column":37},"end":{"line":4,"column":40}},"loc":{"start":{"line":4,"column":43},"end":{"line":7,"column":2}}}},"branchMap":{},"s":{"0":1,"1":1,"2":1,"3":1,"4":1,"5":1},"f":{"0":1},"b":{}}
,"/Users/el/Desktop/work/h/src/index.ts": {"path":"/Users/el/Desktop/work/h/src/index.ts","statementMap":{"0":{"start":{"line":1,"column":0},"end":{"line":1,"column":30}},"1":{"start":{"line":2,"column":0},"end":{"line":2,"column":32}},"2":{"start":{"line":4,"column":12},"end":{"line":4,"column":21}},"3":{"start":{"line":22,"column":9},"end":{"line":22,"column":12}},"4":{"start":{"line":5,"column":13},"end":{"line":5,"column":37}},"5":{"start":{"line":7,"column":0},"end":{"line":7,"column":24}},"6":{"start":{"line":9,"column":0},"end":{"line":11,"column":3}},"7":{"start":{"line":10,"column":2},"end":{"line":10,"column":57}},"8":{"start":{"line":13,"column":0},"end":{"line":13,"column":27}},"9":{"start":{"line":17,"column":0},"end":{"line":19,"column":3}},"10":{"start":{"line":18,"column":2},"end":{"line":18,"column":51}}},"fnMap":{"0":{"name":"(anonymous_1)","decl":{"start":{"line":9,"column":13},"end":{"line":9,"column":14}},"loc":{"start":{"line":9,"column":26},"end":{"line":11,"column":1}}},"1":{"name":"(anonymous_2)","decl":{"start":{"line":17,"column":17},"end":{"line":17,"column":20}},"loc":{"start":{"line":17,"column":22},"end":{"line":19,"column":1}}}},"branchMap":{"0":{"loc":{"start":{"line":5,"column":13},"end":{"line":5,"column":37}},"type":"binary-expr","locations":[{"start":{"line":5,"column":13},"end":{"line":5,"column":29}},{"start":{"line":5,"column":33},"end":{"line":5,"column":37}}]}},"s":{"0":1,"1":1,"2":1,"3":1,"4":1,"5":1,"6":1,"7":0,"8":1,"9":1,"10":1},"f":{"0":0,"1":1},"b":{"0":[1,1]}}
,"/Users/el/Desktop/work/h/src/routes.ts": {"path":"/Users/el/Desktop/work/h/src/routes.ts","statementMap":{"0":{"start":{"line":1,"column":0},"end":{"line":1,"column":30}},"1":{"start":{"line":2,"column":0},"end":{"line":2,"column":41}},"2":{"start":{"line":3,"column":0},"end":{"line":3,"column":38}},"3":{"start":{"line":4,"column":0},"end":{"line":4,"column":42}},"4":{"start":{"line":5,"column":15},"end":{"line":5,"column":31}},"5":{"start":{"line":7,"column":0},"end":{"line":56,"column":5}},"6":{"start":{"line":7,"column":41},"end":{"line":56,"column":4}},"7":{"start":{"line":8,"column":4},"end":{"line":55,"column":5}},"8":{"start":{"line":9,"column":40},"end":{"line":9,"column":48}},"9":{"start":{"line":12,"column":6},"end":{"line":14,"column":7}},"10":{"start":{"line":13,"column":8},"end":{"line":13,"column":77}},"11":{"start":{"line":17,"column":27},"end":{"line":19,"column":8}},"12":{"start":{"line":23,"column":6},"end":{"line":25,"column":7}},"13":{"start":{"line":24,"column":8},"end":{"line":24,"column":95}},"14":{"start":{"line":28,"column":22},"end":{"line":28,"column":58}},"15":{"start":{"line":29,"column":6},"end":{"line":31,"column":7}},"16":{"start":{"line":30,"column":8},"end":{"line":30,"column":99}},"17":{"start":{"line":34,"column":22},"end":{"line":48,"column":8}},"18":{"start":{"line":38,"column":126},"end":{"line":44,"column":15}},"19":{"start":{"line":51,"column":6},"end":{"line":51,"column":36}},"20":{"start":{"line":53,"column":6},"end":{"line":53,"column":51}},"21":{"start":{"line":54,"column":6},"end":{"line":54,"column":65}},"22":{"start":{"line":60,"column":2},"end":{"line":96,"column":5}},"23":{"start":{"line":60,"column":46},"end":{"line":96,"column":4}},"24":{"start":{"line":61,"column":4},"end":{"line":95,"column":5}},"25":{"start":{"line":62,"column":21},"end":{"line":62,"column":31}},"26":{"start":{"line":63,"column":40},"end":{"line":63,"column":48}},"27":{"start":{"line":66,"column":6},"end":{"line":68,"column":7}},"28":{"start":{"line":67,"column":8},"end":{"line":67,"column":77}},"29":{"start":{"line":71,"column":21},"end":{"line":71,"column":57}},"30":{"start":{"line":72,"column":6},"end":{"line":74,"column":7}},"31":{"start":{"line":73,"column":8},"end":{"line":73,"column":99}},"32":{"start":{"line":77,"column":26},"end":{"line":89,"column":8}},"33":{"start":{"line":91,"column":6},"end":{"line":91,"column":40}},"34":{"start":{"line":93,"column":6},"end":{"line":93,"column":51}},"35":{"start":{"line":94,"column":6},"end":{"line":94,"column":65}},"36":{"start":{"line":100,"column":2},"end":{"line":108,"column":5}},"37":{"start":{"line":100,"column":42},"end":{"line":108,"column":4}},"38":{"start":{"line":101,"column":4},"end":{"line":107,"column":5}},"39":{"start":{"line":102,"column":20},"end":{"line":102,"column":48}},"40":{"start":{"line":103,"column":6},"end":{"line":103,"column":34}},"41":{"start":{"line":105,"column":6},"end":{"line":105,"column":54}},"42":{"start":{"line":106,"column":6},"end":{"line":106,"column":65}},"43":{"start":{"line":111,"column":2},"end":{"line":127,"column":5}},"44":{"start":{"line":111,"column":46},"end":{"line":127,"column":4}},"45":{"start":{"line":112,"column":4},"end":{"line":126,"column":5}},"46":{"start":{"line":113,"column":21},"end":{"line":113,"column":31}},"47":{"start":{"line":114,"column":19},"end":{"line":116,"column":8}},"48":{"start":{"line":118,"column":6},"end":{"line":122,"column":7}},"49":{"start":{"line":119,"column":8},"end":{"line":119,"column":35}},"50":{"start":{"line":121,"column":8},"end":{"line":121,"column":60}},"51":{"start":{"line":124,"column":6},"end":{"line":124,"column":53}},"52":{"start":{"line":125,"column":6},"end":{"line":125,"column":65}},"53":{"start":{"line":130,"column":2},"end":{"line":148,"column":5}},"54":{"start":{"line":130,"column":43},"end":{"line":148,"column":4}},"55":{"start":{"line":131,"column":4},"end":{"line":147,"column":5}},"56":{"start":{"line":132,"column":39},"end":{"line":132,"column":47}},"57":{"start":{"line":134,"column":19},"end":{"line":136,"column":8}},"58":{"start":{"line":138,"column":6},"end":{"line":143,"column":7}},"59":{"start":{"line":139,"column":8},"end":{"line":139,"column":75}},"60":{"start":{"line":140,"column":8},"end":{"line":140,"column":67}},"61":{"start":{"line":142,"column":8},"end":{"line":142,"column":68}},"62":{"start":{"line":145,"column":6},"end":{"line":145,"column":54}},"63":{"start":{"line":146,"column":6},"end":{"line":146,"column":65}},"64":{"start":{"line":151,"column":2},"end":{"line":174,"column":5}},"65":{"start":{"line":151,"column":49},"end":{"line":174,"column":4}},"66":{"start":{"line":152,"column":4},"end":{"line":173,"column":5}},"67":{"start":{"line":153,"column":21},"end":{"line":153,"column":31}},"68":{"start":{"line":156,"column":25},"end":{"line":158,"column":8}},"69":{"start":{"line":160,"column":6},"end":{"line":162,"column":7}},"70":{"start":{"line":161,"column":8},"end":{"line":161,"column":67}},"71":{"start":{"line":165,"column":6},"end":{"line":167,"column":9}},"72":{"start":{"line":169,"column":6},"end":{"line":169,"column":69}},"73":{"start":{"line":171,"column":6},"end":{"line":171,"column":51}},"74":{"start":{"line":172,"column":6},"end":{"line":172,"column":65}},"75":{"start":{"line":176,"column":2},"end":{"line":176,"column":24}}},"fnMap":{"0":{"name":"(anonymous_8)","decl":{"start":{"line":7,"column":22},"end":{"line":7,"column":29}},"loc":{"start":{"line":7,"column":41},"end":{"line":56,"column":4}}},"1":{"name":"(anonymous_9)","decl":{"start":{"line":7,"column":41},"end":{"line":7,"column":null}},"loc":{"start":{"line":7,"column":41},"end":{"line":56,"column":3}}},"2":{"name":"(anonymous_10)","decl":{"start":{"line":38,"column":32},"end":{"line":38,"column":33}},"loc":{"start":{"line":38,"column":125},"end":{"line":44,"column":15}}},"3":{"name":"(anonymous_11)","decl":{"start":{"line":60,"column":27},"end":{"line":60,"column":34}},"loc":{"start":{"line":60,"column":46},"end":{"line":96,"column":4}}},"4":{"name":"(anonymous_12)","decl":{"start":{"line":60,"column":46},"end":{"line":60,"column":null}},"loc":{"start":{"line":60,"column":46},"end":{"line":96,"column":3}}},"5":{"name":"(anonymous_13)","decl":{"start":{"line":100,"column":23},"end":{"line":100,"column":30}},"loc":{"start":{"line":100,"column":42},"end":{"line":108,"column":4}}},"6":{"name":"(anonymous_14)","decl":{"start":{"line":100,"column":42},"end":{"line":100,"column":null}},"loc":{"start":{"line":100,"column":42},"end":{"line":108,"column":3}}},"7":{"name":"(anonymous_15)","decl":{"start":{"line":111,"column":27},"end":{"line":111,"column":34}},"loc":{"start":{"line":111,"column":46},"end":{"line":127,"column":4}}},"8":{"name":"(anonymous_16)","decl":{"start":{"line":111,"column":46},"end":{"line":111,"column":null}},"loc":{"start":{"line":111,"column":46},"end":{"line":127,"column":3}}},"9":{"name":"(anonymous_17)","decl":{"start":{"line":130,"column":24},"end":{"line":130,"column":31}},"loc":{"start":{"line":130,"column":43},"end":{"line":148,"column":4}}},"10":{"name":"(anonymous_18)","decl":{"start":{"line":130,"column":43},"end":{"line":130,"column":null}},"loc":{"start":{"line":130,"column":43},"end":{"line":148,"column":3}}},"11":{"name":"(anonymous_19)","decl":{"start":{"line":151,"column":30},"end":{"line":151,"column":37}},"loc":{"start":{"line":151,"column":49},"end":{"line":174,"column":4}}},"12":{"name":"(anonymous_20)","decl":{"start":{"line":151,"column":49},"end":{"line":151,"column":null}},"loc":{"start":{"line":151,"column":49},"end":{"line":174,"column":3}}}},"branchMap":{"0":{"loc":{"start":{"line":12,"column":6},"end":{"line":14,"column":7}},"type":"if","locations":[{"start":{"line":12,"column":6},"end":{"line":14,"column":7}}]},"1":{"loc":{"start":{"line":23,"column":6},"end":{"line":25,"column":7}},"type":"if","locations":[{"start":{"line":23,"column":6},"end":{"line":25,"column":7}}]},"2":{"loc":{"start":{"line":29,"column":6},"end":{"line":31,"column":7}},"type":"if","locations":[{"start":{"line":29,"column":6},"end":{"line":31,"column":7}}]},"3":{"loc":{"start":{"line":40,"column":28},"end":{"line":40,"column":55}},"type":"cond-expr","locations":[{"start":{"line":40,"column":47},"end":{"line":40,"column":51}},{"start":{"line":40,"column":51},"end":{"line":40,"column":55}}]},"4":{"loc":{"start":{"line":40,"column":28},"end":{"line":40,"column":51}},"type":"binary-expr","locations":[{"start":{"line":40,"column":28},"end":{"line":40,"column":51}},{"start":{"line":40,"column":47},"end":{"line":40,"column":51}}]},"5":{"loc":{"start":{"line":41,"column":25},"end":{"line":41,"column":49}},"type":"cond-expr","locations":[{"start":{"line":41,"column":41},"end":{"line":41,"column":45}},{"start":{"line":41,"column":45},"end":{"line":41,"column":49}}]},"6":{"loc":{"start":{"line":41,"column":25},"end":{"line":41,"column":45}},"type":"binary-expr","locations":[{"start":{"line":41,"column":25},"end":{"line":41,"column":45}},{"start":{"line":41,"column":41},"end":{"line":41,"column":45}}]},"7":{"loc":{"start":{"line":42,"column":28},"end":{"line":42,"column":55}},"type":"cond-expr","locations":[{"start":{"line":42,"column":47},"end":{"line":42,"column":51}},{"start":{"line":42,"column":51},"end":{"line":42,"column":55}}]},"8":{"loc":{"start":{"line":42,"column":28},"end":{"line":42,"column":51}},"type":"binary-expr","locations":[{"start":{"line":42,"column":28},"end":{"line":42,"column":51}},{"start":{"line":42,"column":47},"end":{"line":42,"column":51}}]},"9":{"loc":{"start":{"line":66,"column":6},"end":{"line":68,"column":7}},"type":"if","locations":[{"start":{"line":66,"column":6},"end":{"line":68,"column":7}}]},"10":{"loc":{"start":{"line":72,"column":6},"end":{"line":74,"column":7}},"type":"if","locations":[{"start":{"line":72,"column":6},"end":{"line":74,"column":7}}]},"11":{"loc":{"start":{"line":118,"column":6},"end":{"line":122,"column":7}},"type":"if","locations":[{"start":{"line":118,"column":6},"end":{"line":122,"column":7}},{"start":{"line":120,"column":13},"end":{"line":122,"column":7}}]},"12":{"loc":{"start":{"line":138,"column":6},"end":{"line":143,"column":7}},"type":"if","locations":[{"start":{"line":138,"column":6},"end":{"line":143,"column":7}},{"start":{"line":141,"column":13},"end":{"line":143,"column":7}}]},"13":{"loc":{"start":{"line":160,"column":6},"end":{"line":162,"column":7}},"type":"if","locations":[{"start":{"line":160,"column":6},"end":{"line":162,"column":7}}]}},"s":{"0":1,"1":1,"2":1,"3":1,"4":1,"5":1,"6":2,"7":2,"8":2,"9":2,"10":0,"11":2,"12":2,"13":1,"14":1,"15":1,"16":0,"17":1,"18":2,"19":1,"20":0,"21":0,"22":1,"23":1,"24":1,"25":1,"26":1,"27":1,"28":0,"29":1,"30":1,"31":0,"32":1,"33":1,"34":0,"35":0,"36":1,"37":1,"38":1,"39":1,"40":1,"41":0,"42":0,"43":1,"44":0,"45":0,"46":0,"47":0,"48":0,"49":0,"50":0,"51":0,"52":0,"53":1,"54":1,"55":1,"56":1,"57":1,"58":1,"59":1,"60":1,"61":0,"62":0,"63":0,"64":1,"65":1,"66":1,"67":1,"68":1,"69":1,"70":0,"71":1,"72":1,"73":0,"74":0,"75":1},"f":{"0":2,"1":2,"2":2,"3":1,"4":1,"5":1,"6":1,"7":0,"8":0,"9":1,"10":1,"11":1,"12":1},"b":{"0":[0],"1":[1],"2":[0],"3":[1,1],"4":[2,2],"5":[1,1],"6":[2,2],"7":[1,1],"8":[2,2],"9":[0],"10":[0],"11":[0,0],"12":[1,0],"13":[0]}}
,"/Users/el/Desktop/work/h/src/utils/index.ts": {"path":"/Users/el/Desktop/work/h/src/utils/index.ts","statementMap":{"0":{"start":{"line":5,"column":0},"end":{"line":5,"column":16}},"1":{"start":{"line":6,"column":19},"end":{"line":6,"column":21}},"2":{"start":{"line":7,"column":24},"end":{"line":7,"column":42}},"3":{"start":{"line":8,"column":19},"end":{"line":8,"column":28}},"4":{"start":{"line":11,"column":4},"end":{"line":13,"column":5}},"5":{"start":{"line":12,"column":6},"end":{"line":12,"column":57}},"6":{"start":{"line":15,"column":4},"end":{"line":23,"column":5}},"7":{"start":{"line":16,"column":6},"end":{"line":18,"column":7}},"8":{"start":{"line":17,"column":8},"end":{"line":17,"column":59}},"9":{"start":{"line":19,"column":6},"end":{"line":21,"column":7}},"10":{"start":{"line":20,"column":8},"end":{"line":20,"column":63}},"11":{"start":{"line":22,"column":6},"end":{"line":22,"column":31}},"12":{"start":{"line":25,"column":4},"end":{"line":25,"column":18}}},"fnMap":{"0":{"name":"validateActions","decl":{"start":{"line":5,"column":16},"end":{"line":5,"column":31}},"loc":{"start":{"line":5,"column":49},"end":{"line":26,"column":3}}}},"branchMap":{"0":{"loc":{"start":{"line":11,"column":4},"end":{"line":13,"column":5}},"type":"if","locations":[{"start":{"line":11,"column":4},"end":{"line":13,"column":5}}]},"1":{"loc":{"start":{"line":16,"column":6},"end":{"line":18,"column":7}},"type":"if","locations":[{"start":{"line":16,"column":6},"end":{"line":18,"column":7}}]},"2":{"loc":{"start":{"line":19,"column":6},"end":{"line":21,"column":7}},"type":"if","locations":[{"start":{"line":19,"column":6},"end":{"line":21,"column":7}}]}},"s":{"0":1,"1":2,"2":2,"3":2,"4":2,"5":0,"6":2,"7":4,"8":0,"9":4,"10":0,"11":4,"12":2},"f":{"0":2},"b":{"0":[0],"1":[0],"2":[0]}}
}
