TN:
SF:lib/prisma.ts
FNF:0
FNH:0
DA:1,1
DA:7,1
DA:9,1
LF:3
LH:3
BRDA:7,0,0,1
BRDA:7,0,1,1
BRDA:9,1,0,1
BRF:3
BRH:3
end_of_record
TN:
SF:lib/queue.ts
FN:4,(anonymous_1)
FNF:1
FNH:1
FNDA:1,(anonymous_1)
DA:1,1
DA:2,1
DA:4,1
DA:9,1
LF:4
LH:4
BRF:0
BRH:0
end_of_record
TN:
SF:src/index.ts
FN:9,(anonymous_1)
FN:17,(anonymous_2)
FNF:2
FNH:1
FNDA:0,(anonymous_1)
FNDA:1,(anonymous_2)
DA:1,1
DA:2,1
DA:4,1
DA:5,1
DA:7,1
DA:9,1
DA:10,0
DA:13,1
DA:17,1
DA:18,1
DA:22,1
LF:11
LH:10
BRDA:5,0,0,1
BRDA:5,0,1,1
BRF:2
BRH:2
end_of_record
TN:
SF:src/routes.ts
FN:7,(anonymous_8)
FN:7,(anonymous_9)
FN:38,(anonymous_10)
FN:60,(anonymous_11)
FN:60,(anonymous_12)
FN:100,(anonymous_13)
FN:100,(anonymous_14)
FN:111,(anonymous_15)
FN:111,(anonymous_16)
FN:130,(anonymous_17)
FN:130,(anonymous_18)
FN:151,(anonymous_19)
FN:151,(anonymous_20)
FNF:13
FNH:11
FNDA:2,(anonymous_8)
FNDA:2,(anonymous_9)
FNDA:2,(anonymous_10)
FNDA:1,(anonymous_11)
FNDA:1,(anonymous_12)
FNDA:1,(anonymous_13)
FNDA:1,(anonymous_14)
FNDA:0,(anonymous_15)
FNDA:0,(anonymous_16)
FNDA:1,(anonymous_17)
FNDA:1,(anonymous_18)
FNDA:1,(anonymous_19)
FNDA:1,(anonymous_20)
DA:1,1
DA:2,1
DA:3,1
DA:4,1
DA:5,1
DA:7,2
DA:8,2
DA:9,2
DA:12,2
DA:13,0
DA:17,2
DA:23,2
DA:24,1
DA:28,1
DA:29,1
DA:30,0
DA:34,1
DA:38,2
DA:51,1
DA:53,0
DA:54,0
DA:60,1
DA:61,1
DA:62,1
DA:63,1
DA:66,1
DA:67,0
DA:71,1
DA:72,1
DA:73,0
DA:77,1
DA:91,1
DA:93,0
DA:94,0
DA:100,1
DA:101,1
DA:102,1
DA:103,1
DA:105,0
DA:106,0
DA:111,1
DA:112,0
DA:113,0
DA:114,0
DA:118,0
DA:119,0
DA:121,0
DA:124,0
DA:125,0
DA:130,1
DA:131,1
DA:132,1
DA:134,1
DA:138,1
DA:139,1
DA:140,1
DA:142,0
DA:145,0
DA:146,0
DA:151,1
DA:152,1
DA:153,1
DA:156,1
DA:160,1
DA:161,0
DA:165,1
DA:169,1
DA:171,0
DA:172,0
DA:176,1
LF:70
LH:46
BRDA:12,0,0,0
BRDA:23,1,0,1
BRDA:29,2,0,0
BRDA:40,3,0,1
BRDA:40,3,1,1
BRDA:40,4,0,2
BRDA:40,4,1,2
BRDA:41,5,0,1
BRDA:41,5,1,1
BRDA:41,6,0,2
BRDA:41,6,1,2
BRDA:42,7,0,1
BRDA:42,7,1,1
BRDA:42,8,0,2
BRDA:42,8,1,2
BRDA:66,9,0,0
BRDA:72,10,0,0
BRDA:118,11,0,0
BRDA:118,11,1,0
BRDA:138,12,0,1
BRDA:138,12,1,0
BRDA:160,13,0,0
BRF:22
BRH:14
end_of_record
TN:
SF:src/utils/index.ts
FN:5,validateActions
FNF:1
FNH:1
FNDA:2,validateActions
DA:5,1
DA:6,2
DA:7,2
DA:8,2
DA:11,2
DA:12,0
DA:15,2
DA:16,4
DA:17,0
DA:19,4
DA:20,0
DA:22,4
DA:25,2
LF:13
LH:10
BRDA:11,0,0,0
BRDA:16,1,0,0
BRDA:19,2,0,0
BRF:3
BRH:0
end_of_record
